<?xml version="1.0" encoding="UTF-8"?>
<!-- Generated by org.testng.reporters.JUnitXMLReporter -->
<testsuite ignored="0" hostname="Harinder-PC" failures="1" tests="10" name="Test" time="0.061" errors="0" timestamp="2022-10-16T17:17:37 EDT">
  <testcase classname="tests.Testing1" name="f" time="0.003"/>
  <testcase classname="tests.Testing1" name="f" time="0.001"/>
  <testcase classname="tests.Testing1" name="test1" time="0.001"/>
  <testcase classname="tests.Testing1" name="test2" time="0.0"/>
  <testcase classname="tests.Testing1" name="test3" time="0.001"/>
  <testcase classname="tests.Testing2" name="Test4" time="0.0"/>
  <testcase classname="tests.Testing2" name="Test5" time="0.001"/>
  <testcase classname="tests.Testing3" name="createUser" time="0.002"/>
  <testcase classname="tests.Testing3" name="editUser" time="0.006">
    <failure type="java.lang.AssertionError" message="The following asserts failed:
	Verifying Element expected [true] but found [false]">
      <![CDATA[java.lang.AssertionError: The following asserts failed:
Verifying Element expected [true] but found [false]
at tests.Testing3.editUser(Testing3.java:28)
at java.base/java.util.ArrayList.forEach(ArrayList.java:1511)
... Removed 29 stack frames]]>
    </failure>
  </testcase> <!-- editUser -->
  <testcase classname="tests.Testing3" name="deleteUser" time="0.0">
    <skipped/>
  </testcase> <!-- deleteUser -->
</testsuite> <!-- Test -->
